Run with pod: ghost.	 Start container in: 27760(ms)
Run with pod: golang.	 Start container in: 21544(ms)
Run with pod: mongo.	 Start container in: 15294(ms)
Run with pod: nginx.	 Start container in: 7523(ms)
Run with pod: nodejs.	 Start container in: 21575(ms)
Run with pod: postgres.	 Start container in: 11928(ms)
Run with pod: python.	 Start container in: 6541(ms)
Run with pod: ghost.	 Start container in: 27254(ms)
Run with pod: golang.	 Start container in: 19497(ms)
Run with pod: mongo.	 Start container in: 15488(ms)
Run with pod: nginx.	 Start container in: 8557(ms)
Run with pod: nodejs.	 Start container in: 21569(ms)
Run with pod: postgres.	 Start container in: 10828(ms)
Run with pod: python.	 Start container in: 6525(ms)
Run with pod: ghost.	 Start container in: 26680(ms)
Run with pod: golang.	 Start container in: 19533(ms)
Run with pod: mongo.	 Start container in: 15105(ms)
Run with pod: nginx.	 Start container in: 6477(ms)
Run with pod: nodejs.	 Start container in: 21682(ms)
Run with pod: postgres.	 Start container in: 10991(ms)
Run with pod: python.	 Start container in: 6477(ms)
Run with pod: ghost.	 Start container in: 27150(ms)
Run with pod: golang.	 Start container in: 19525(ms)
Run with pod: mongo.	 Start container in: 15205(ms)
Run with pod: nginx.	 Start container in: 6479(ms)
Run with pod: nodejs.	 Start container in: 21510(ms)
Run with pod: postgres.	 Start container in: 10666(ms)
Run with pod: python.	 Start container in: 6526(ms)
Run with pod: ghost.	 Start container in: 25823(ms)
Run with pod: golang.	 Start container in: 19595(ms)
Run with pod: mongo.	 Start container in: 14865(ms)
Run with pod: nginx.	 Start container in: 6506(ms)
Run with pod: nodejs.	 Start container in: 20597(ms)
Run with pod: postgres.	 Start container in: 11854(ms)
Run with pod: python.	 Start container in: 6503(ms)
Run with pod: ghost.	 Start container in: 26650(ms)
Run with pod: golang.	 Start container in: 18491(ms)
Run with pod: mongo.	 Start container in: 14480(ms)
Run with pod: nginx.	 Start container in: 6491(ms)
Run with pod: nodejs.	 Start container in: 20614(ms)
Run with pod: postgres.	 Start container in: 10322(ms)
Run with pod: python.	 Start container in: 7616(ms)
Run with pod: ghost.	 Start container in: 25966(ms)
Run with pod: golang.	 Start container in: 19549(ms)
Run with pod: mongo.	 Start container in: 14743(ms)
Run with pod: nginx.	 Start container in: 6549(ms)
Run with pod: nodejs.	 Start container in: 19564(ms)
Run with pod: postgres.	 Start container in: 10944(ms)
Run with pod: python.	 Start container in: 6520(ms)
Run with pod: ghost.	 Start container in: 26446(ms)
Run with pod: golang.	 Start container in: 18704(ms)
Run with pod: mongo.	 Start container in: 16483(ms)
Run with pod: nginx.	 Start container in: 6551(ms)
Run with pod: nodejs.	 Start container in: 20599(ms)
Run with pod: postgres.	 Start container in: 10752(ms)
Run with pod: python.	 Start container in: 6570(ms)
Run with pod: ghost.	 Start container in: 26528(ms)
Run with pod: golang.	 Start container in: 19550(ms)
Run with pod: mongo.	 Start container in: 14562(ms)
Run with pod: nginx.	 Start container in: 8556(ms)
Run with pod: nodejs.	 Start container in: 20644(ms)
Run with pod: postgres.	 Start container in: 10135(ms)
Run with pod: python.	 Start container in: 6495(ms)
Run with pod: ghost.	 Start container in: 30943(ms)
Run with pod: golang.	 Start container in: 19644(ms)
Run with pod: mongo.	 Start container in: 14768(ms)
Run with pod: nginx.	 Start container in: 6544(ms)
Run with pod: nodejs.	 Start container in: 20599(ms)
Run with pod: postgres.	 Start container in: 10889(ms)
Run with pod: python.	 Start container in: 6490(ms)