Run with pod: ghost.	 Start container in: 3400(ms)
Run with pod: golang.	 Start container in: 7475(ms)
Run with pod: mongo.	 Start container in: 8133(ms)
Run with pod: nginx.	 Start container in: 6457(ms)
Run with pod: nodejs.	 Start container in: 6565(ms)
Run with pod: postgres.	 Start container in: 31681(ms)
Run with pod: python.	 Start container in: 5939(ms)
Run with pod: ghost.	 Start container in: 3393(ms)
Run with pod: golang.	 Start container in: 6483(ms)
Run with pod: mongo.	 Start container in: 7988(ms)
Run with pod: nginx.	 Start container in: 6399(ms)
Run with pod: nodejs.	 Start container in: 8501(ms)
Run with pod: postgres.	 Start container in: 41265(ms)
Run with pod: python.	 Start container in: 6548(ms)
Run with pod: ghost.	 Start container in: 4168(ms)
Run with pod: golang.	 Start container in: 5472(ms)
Run with pod: mongo.	 Start container in: 7885(ms)
Run with pod: nginx.	 Start container in: 5599(ms)
un with pod: nodejs.	 Start container in: 6545(ms)
Run with pod: postgres.	 Start container in: 31319(ms)
Run with pod: python.	 Start container in: 5648(ms)
Run with pod: ghost.	 Start container in: 3517(ms)
Run with pod: golang.	 Start container in: 6529(ms)
Run with pod: mongo.	 Start container in: 7756(ms)
Run with pod: nginx.	 Start container in: 5592(ms)
Run with pod: nodejs.	 Start container in: 6536(ms)
Run with pod: postgres.	 Start container in: 31777(ms)
Run with pod: python.	 Start container in: 5528(ms)
Run with pod: ghost.	 Start container in: 3658(ms)
Run with pod: golang.	 Start container in: 3511(ms)
Run with pod: mongo.	 Start container in: 5106(ms)
Run with pod: nginx.	 Start container in: 5438(ms)
Run with pod: nodejs.	 Start container in: 7448(ms)
Run with pod: postgres.	 Start container in: 31225(ms)
Run with pod: python.	 Start container in: 5419(ms)
Run with pod: ghost.	 Start container in: 3125(ms)
Run with pod: golang.	 Start container in: 7558(ms)
Run with pod: mongo.	 Start container in: 10343(ms)
Run with pod: nginx.	 Start container in: 5597(ms)
Run with pod: nodejs.	 Start container in: 8501(ms)
Run with pod: postgres.	 Start container in: 31217(ms)
Run with pod: python.	 Start container in: 5554(ms)
Run with pod: ghost.	 Start container in: 3452(ms)
Run with pod: golang.	 Start container in: 6560(ms)
Run with pod: mongo.	 Start container in: 7773(ms)
Run with pod: nginx.	 Start container in: 6505(ms)
Run with pod: nodejs.	 Start container in: 6474(ms)
Run with pod: postgres.	 Start container in: 31206(ms)
Run with pod: python.	 Start container in: 5585(ms)
Run with pod: ghost.	 Start container in: 3040(ms)
Run with pod: golang.	 Start container in: 5448(ms)
Run with pod: mongo.	 Start container in: 7581(ms)
Run with pod: nginx.	 Start container in: 6494(ms)
Run with pod: nodejs.	 Start container in: 6535(ms)
Run with pod: postgres.	 Start container in: 22254(ms)
Run with pod: python.	 Start container in: 5497(ms)
Run with pod: ghost.	 Start container in: 3123(ms)
Run with pod: golang.	 Start container in: 6459(ms)
Run with pod: mongo.	 Start container in: 7877(ms)
Run with pod: nginx.	 Start container in: 6358(ms)
Run with pod: nodejs.	 Start container in: 6442(ms)
Run with pod: postgres.	 Start container in: 31151(ms)
Run with pod: python.	 Start container in: 5471(ms)
Run with pod: ghost.	 Start container in: 3034(ms)
Run with pod: golang.	 Start container in: 6465(ms)
Run with pod: mongo.	 Start container in: 7773(ms)
Run with pod: nginx.	 Start container in: 5482(ms)
Run with pod: nodejs.	 Start container in: 6554(ms)
Run with pod: postgres.	 Start container in: 31162(ms)
Run with pod: python.	 Start container in: 9518(ms)